Using pre-set license
Built from '2021.3/staging' branch; Version is '2021.3.15f1 (e8e88683f834) revision 15263878'; Using compiler version '192829333'; Build Type 'Release'
OS: 'Windows 10  (10.0.19045) 64bit Professional' Language: 'uk' Physical Memory: 16315 MB
BatchMode: 1, IsHumanControllingUs: 0, StartBugReporterOnCrash: 0, Is64bit: 1, IsPro: 1

COMMAND LINE ARGUMENTS:
D:\UnityEditor\2021.3.15f1\Editor\Unity.exe
-adb2
-batchMode
-noUpm
-name
AssetImportWorker2
-projectPath
D:/unityproject_styl/Unity Project
-logFile
Logs/AssetImportWorker2.log
-srvPort
60121
Successfully changed project path to: D:/unityproject_styl/Unity Project
D:/unityproject_styl/Unity Project
[UnityMemory] Configuration Parameters - Can be set up in boot.config
    "memorysetup-bucket-allocator-granularity=16"
    "memorysetup-bucket-allocator-bucket-count=8"
    "memorysetup-bucket-allocator-block-size=33554432"
    "memorysetup-bucket-allocator-block-count=8"
    "memorysetup-main-allocator-block-size=16777216"
    "memorysetup-thread-allocator-block-size=16777216"
    "memorysetup-gfx-main-allocator-block-size=16777216"
    "memorysetup-gfx-thread-allocator-block-size=16777216"
    "memorysetup-cache-allocator-block-size=4194304"
    "memorysetup-typetree-allocator-block-size=2097152"
    "memorysetup-profiler-bucket-allocator-granularity=16"
    "memorysetup-profiler-bucket-allocator-bucket-count=8"
    "memorysetup-profiler-bucket-allocator-block-size=33554432"
    "memorysetup-profiler-bucket-allocator-block-count=8"
    "memorysetup-profiler-allocator-block-size=16777216"
    "memorysetup-profiler-editor-allocator-block-size=1048576"
    "memorysetup-temp-allocator-size-main=16777216"
    "memorysetup-job-temp-allocator-block-size=2097152"
    "memorysetup-job-temp-allocator-block-size-background=1048576"
    "memorysetup-job-temp-allocator-reduction-small-platforms=262144"
    "memorysetup-temp-allocator-size-background-worker=32768"
    "memorysetup-temp-allocator-size-job-worker=262144"
    "memorysetup-temp-allocator-size-preload-manager=33554432"
    "memorysetup-temp-allocator-size-nav-mesh-worker=65536"
    "memorysetup-temp-allocator-size-audio-worker=65536"
    "memorysetup-temp-allocator-size-cloud-worker=32768"
    "memorysetup-temp-allocator-size-gi-baking-worker=262144"
    "memorysetup-temp-allocator-size-gfx=262144"
Player connection [17316] Host "[IP] 192.168.0.105 [Port] 0 [Flags] 2 [Guid] 1532470636 [EditorId] 1532470636 [Version] 1048832 [Id] WindowsEditor(7,DESKTOP-JJUN8QK) [Debug] 1 [PackageName] WindowsEditor [ProjectName] Editor" joined multi-casting on [225.0.0.222:54997]...

Player connection [17316] Host "[IP] 192.168.0.105 [Port] 0 [Flags] 2 [Guid] 1532470636 [EditorId] 1532470636 [Version] 1048832 [Id] WindowsEditor(7,DESKTOP-JJUN8QK) [Debug] 1 [PackageName] WindowsEditor [ProjectName] Editor" joined alternative multi-casting on [225.0.0.222:34997]...

Refreshing native plugins compatible for Editor in 82.62 ms, found 3 plugins.
Preloading 0 native plugins for Editor in 0.00 ms.
Initialize engine version: 2021.3.15f1 (e8e88683f834)
[Subsystems] Discovering subsystems at path D:/UnityEditor/2021.3.15f1/Editor/Data/Resources/UnitySubsystems
[Subsystems] Discovering subsystems at path D:/unityproject_styl/Unity Project/Assets
GfxDevice: creating device client; threaded=0; jobified=0
Direct3D:
    Version:  Direct3D 11.0 [level 11.1]
    Renderer: NVIDIA GeForce GTX 1060 3GB (ID=0x1c02)
    Vendor:   NVIDIA
    VRAM:     2988 MB
    Driver:   31.0.15.1694
Initialize mono
Mono path[0] = 'D:/UnityEditor/2021.3.15f1/Editor/Data/Managed'
Mono path[1] = 'D:/UnityEditor/2021.3.15f1/Editor/Data/MonoBleedingEdge/lib/mono/unityjit-win32'
Mono config path = 'D:/UnityEditor/2021.3.15f1/Editor/Data/MonoBleedingEdge/etc'
Using monoOptions --debugger-agent=transport=dt_socket,embedding=1,server=y,suspend=n,address=127.0.0.1:56284
Begin MonoManager ReloadAssembly
Registering precompiled unity dll's ...
Register platform support module: D:/UnityEditor/2021.3.15f1/Editor/Data/PlaybackEngines/WebGLSupport/UnityEditor.WebGL.Extensions.dll
Register platform support module: D:/UnityEditor/2021.3.15f1/Editor/Data/PlaybackEngines/WindowsStandaloneSupport/UnityEditor.WindowsStandalone.Extensions.dll
Registered in 0.002732 seconds.
Native extension for WindowsStandalone target not found
Native extension for WebGL target not found
Refreshing native plugins compatible for Editor in 75.25 ms, found 3 plugins.
Preloading 0 native plugins for Editor in 0.00 ms.
Mono: successfully reloaded assembly
- Completed reload, in  0.553 seconds
Domain Reload Profiling:
	ReloadAssembly (554ms)
		BeginReloadAssembly (59ms)
			ExecutionOrderSort (0ms)
			DisableScriptedObjects (0ms)
			BackupInstance (0ms)
			ReleaseScriptingObjects (0ms)
			CreateAndSetChildDomain (1ms)
		EndReloadAssembly (404ms)
			LoadAssemblies (58ms)
			RebuildTransferFunctionScriptingTraits (0ms)
			SetupTypeCache (93ms)
			ReleaseScriptCaches (0ms)
			RebuildScriptCaches (25ms)
			SetupLoadedEditorAssemblies (246ms)
				LogAssemblyErrors (0ms)
				InitializePlatformSupportModulesInManaged (7ms)
				SetLoadedEditorAssemblies (0ms)
				RefreshPlugins (75ms)
				BeforeProcessingInitializeOnLoad (1ms)
				ProcessInitializeOnLoadAttributes (123ms)
				ProcessInitializeOnLoadMethodAttributes (39ms)
				AfterProcessingInitializeOnLoad (0ms)
				EditorAssembliesLoaded (0ms)
			ExecutionOrderSort2 (0ms)
			AwakeInstancesAfterBackupRestoration (0ms)
Platform modules already initialized, skipping
Registering precompiled user dll's ...
Registered in 0.003158 seconds.
Begin MonoManager ReloadAssembly
Symbol file LoadedFromMemory doesn't match image D:\unityproject_styl\Unity Project\Library\PackageCache\com.unity.visualscripting@1.7.8\Editor\VisualScripting.Core\Dependencies\YamlDotNet\Unity.VisualScripting.YamlDotNet.dll
Symbol file LoadedFromMemory doesn't match image D:\unityproject_styl\Unity Project\Library\PackageCache\com.unity.visualscripting@1.7.8\Editor\VisualScripting.Core\Dependencies\DotNetZip\Unity.VisualScripting.IonicZip.dll
Native extension for WindowsStandalone target not found
Native extension for WebGL target not found
Refreshing native plugins compatible for Editor in 0.63 ms, found 3 plugins.
Preloading 0 native plugins for Editor in 0.00 ms.
Mono: successfully reloaded assembly
- Completed reload, in  0.927 seconds
Domain Reload Profiling:
	ReloadAssembly (931ms)
		BeginReloadAssembly (97ms)
			ExecutionOrderSort (0ms)
			DisableScriptedObjects (6ms)
			BackupInstance (0ms)
			ReleaseScriptingObjects (0ms)
			CreateAndSetChildDomain (20ms)
		EndReloadAssembly (733ms)
			LoadAssemblies (67ms)
			RebuildTransferFunctionScriptingTraits (0ms)
			SetupTypeCache (257ms)
			ReleaseScriptCaches (1ms)
			RebuildScriptCaches (48ms)
			SetupLoadedEditorAssemblies (320ms)
				LogAssemblyErrors (0ms)
				InitializePlatformSupportModulesInManaged (5ms)
				SetLoadedEditorAssemblies (0ms)
				RefreshPlugins (1ms)
				BeforeProcessingInitializeOnLoad (76ms)
				ProcessInitializeOnLoadAttributes (211ms)
				ProcessInitializeOnLoadMethodAttributes (23ms)
				AfterProcessingInitializeOnLoad (3ms)
				EditorAssembliesLoaded (0ms)
			ExecutionOrderSort2 (0ms)
			AwakeInstancesAfterBackupRestoration (6ms)
Platform modules already initialized, skipping
========================================================================
Worker process is ready to serve import requests
Launched and connected shader compiler UnityShaderCompiler.exe after 0.04 seconds
Refreshing native plugins compatible for Editor in 0.68 ms, found 3 plugins.
Preloading 0 native plugins for Editor in 0.00 ms.
Unloading 3364 Unused Serialized files (Serialized files now loaded: 0)
Unloading 27 unused Assets / (113.8 KB). Loaded Objects now: 3821.
Memory consumption went from 115.8 MB to 115.7 MB.
Total: 2.868800 ms (FindLiveObjects: 0.277300 ms CreateObjectMapping: 0.080800 ms MarkObjects: 2.386000 ms  DeleteObjects: 0.123800 ms)

AssetImportParameters requested are different than current active one (requested -> active):
  custom:video-decoder-ogg-theora: a1e56fd34408186e4bbccfd4996cb3dc -> 
  custom:container-muxer-webm: aa71ff27fc2769a1b78a27578f13a17b -> 
  custom:container-demuxer-webm: 4f35f7cbe854078d1ac9338744f61a02 -> 
  custom:video-encoder-webm-vp8: eb34c28f22e8b96e1ab97ce403110664 -> 
  custom:audio-encoder-webm-vorbis: bf7c407c2cedff20999df2af8eb42d56 -> 
  custom:framework-win-MediaFoundation: 216162199b28c13a410421893ffa2e32 -> 
  custom:container-demuxer-ogg: 62fdf1f143b41e24485cea50d1cbac27 -> 
  custom:video-decoder-webm-vp8: 9c59270c3fd7afecdb556c50c9e8de78 -> 
  custom:audio-decoder-ogg-vorbis: bf7c407c2cedff20999df2af8eb42d56 -> 
========================================================================
Received Import Request.
  Time since last request: 25428.089650 seconds.
  path: Assets/Models/lowqgraphgame.fbx_Whisky(3).fbx
  artifactKey: Guid(89ac4a88420993749a3d26d456f5834a) Importer(815301076,1909f56bfc062723c751e8b465ee728b)
Start importing Assets/Models/lowqgraphgame.fbx_Whisky(3).fbx using Guid(89ac4a88420993749a3d26d456f5834a) Importer(815301076,1909f56bfc062723c751e8b465ee728b)  -> (artifact id: '8900a6d6f490f194a5d3d06b2702b926') in 0.159505 seconds 
========================================================================
Received Import Request.
  Time since last request: 16.763953 seconds.
  path: Assets/Textures/CheeseTexture5.png
  artifactKey: Guid(5d0082dbc0446a04aaa23f90506c159e) Importer(815301076,1909f56bfc062723c751e8b465ee728b)
Start importing Assets/Textures/CheeseTexture5.png using Guid(5d0082dbc0446a04aaa23f90506c159e) Importer(815301076,1909f56bfc062723c751e8b465ee728b)  -> (artifact id: '45f35eff9e3d95060730b46e8ff6d348') in 0.240695 seconds 
========================================================================
Received Import Request.
  Time since last request: 101.339640 seconds.
  path: Assets/Models/lowqgraphgame.fbx_AshPoker.fbx
  artifactKey: Guid(02aa54abac39ae546a2567ef1317238d) Importer(815301076,1909f56bfc062723c751e8b465ee728b)
Start importing Assets/Models/lowqgraphgame.fbx_AshPoker.fbx using Guid(02aa54abac39ae546a2567ef1317238d) Importer(815301076,1909f56bfc062723c751e8b465ee728b)  -> (artifact id: 'cbf22dc14c036a5393087c2adb45ed42') in 0.029303 seconds 
========================================================================
Received Import Request.
  Time since last request: 0.000027 seconds.
  path: Assets/Models/lowqgraphgame.fbx_Cheese.fbx
  artifactKey: Guid(e3424d13519a324428d1d8f90595cabc) Importer(815301076,1909f56bfc062723c751e8b465ee728b)
Start importing Assets/Models/lowqgraphgame.fbx_Cheese.fbx using Guid(e3424d13519a324428d1d8f90595cabc) Importer(815301076,1909f56bfc062723c751e8b465ee728b)  -> (artifact id: '8474ebaa448445d9b028a96ef14f6ad9') in 0.013778 seconds 
========================================================================
Received Import Request.
  Time since last request: 0.000022 seconds.
  path: Assets/Models/lowqgraphgame.fbx_Whisky.fbx
  artifactKey: Guid(855b3db944c1d124dab62ec34dc952ba) Importer(815301076,1909f56bfc062723c751e8b465ee728b)
Start importing Assets/Models/lowqgraphgame.fbx_Whisky.fbx using Guid(855b3db944c1d124dab62ec34dc952ba) Importer(815301076,1909f56bfc062723c751e8b465ee728b)  -> (artifact id: '6856ade802f5b182e293f1336cc0f9a2') in 0.013491 seconds 
========================================================================
Received Import Request.
  Time since last request: 0.000024 seconds.
  path: Assets/Models/lowqgraphgame.fbx_Opium.fbx
  artifactKey: Guid(bd5262df266f04e4db9d5cfe015d1546) Importer(815301076,1909f56bfc062723c751e8b465ee728b)
Start importing Assets/Models/lowqgraphgame.fbx_Opium.fbx using Guid(bd5262df266f04e4db9d5cfe015d1546) Importer(815301076,1909f56bfc062723c751e8b465ee728b)  -> (artifact id: '36d3dcc37312a5a3a8b08780e8335274') in 0.035315 seconds 
========================================================================
Received Import Request.
  Time since last request: 0.000024 seconds.
  path: Assets/Models/lowqgraphgame.fbx_Chair02.fbx
  artifactKey: Guid(b2c87293c8183ee45b5959b5389434f6) Importer(815301076,1909f56bfc062723c751e8b465ee728b)
Start importing Assets/Models/lowqgraphgame.fbx_Chair02.fbx using Guid(b2c87293c8183ee45b5959b5389434f6) Importer(815301076,1909f56bfc062723c751e8b465ee728b)  -> (artifact id: '02507973912c056e3839802d1a2c41c2') in 0.016068 seconds 
========================================================================
Received Import Request.
  Time since last request: 0.000029 seconds.
  path: Assets/Models/lowqgraphgame.fbx_Food.fbx
  artifactKey: Guid(7654852ba8f86fe4697aff5cfa244600) Importer(815301076,1909f56bfc062723c751e8b465ee728b)
Start importing Assets/Models/lowqgraphgame.fbx_Food.fbx using Guid(7654852ba8f86fe4697aff5cfa244600) Importer(815301076,1909f56bfc062723c751e8b465ee728b)  -> (artifact id: 'e75b671972e6b69e81eeced097c3a11c') in 0.044137 seconds 
========================================================================
Received Import Request.
  Time since last request: 0.000026 seconds.
  path: Assets/Models/lowqgraphgame.fbx_Photo01.fbx
  artifactKey: Guid(d0f2d5ab5856aea4ebab353c306e6058) Importer(815301076,1909f56bfc062723c751e8b465ee728b)
Start importing Assets/Models/lowqgraphgame.fbx_Photo01.fbx using Guid(d0f2d5ab5856aea4ebab353c306e6058) Importer(815301076,1909f56bfc062723c751e8b465ee728b)  -> (artifact id: '7724670e9a9ce45fea1026b58d5289d2') in 0.015394 seconds 
========================================================================
Received Import Request.
  Time since last request: 0.000032 seconds.
  path: Assets/Models/lowqgraphgame.fbx_ChairLeg.fbx
  artifactKey: Guid(c1c9b6dd57ced42458d17849c6943255) Importer(815301076,1909f56bfc062723c751e8b465ee728b)
Start importing Assets/Models/lowqgraphgame.fbx_ChairLeg.fbx using Guid(c1c9b6dd57ced42458d17849c6943255) Importer(815301076,1909f56bfc062723c751e8b465ee728b)  -> (artifact id: 'dc411af533a6a33d3bc792cfea29d3d3') in 0.013369 seconds 
========================================================================
Received Import Request.
  Time since last request: 0.000024 seconds.
  path: Assets/Models/lowqgraphgame.fbx_Objects.fbx
  artifactKey: Guid(94bbd93046ef95941933f4c74a150e23) Importer(815301076,1909f56bfc062723c751e8b465ee728b)
Start importing Assets/Models/lowqgraphgame.fbx_Objects.fbx using Guid(94bbd93046ef95941933f4c74a150e23) Importer(815301076,1909f56bfc062723c751e8b465ee728b)  -> (artifact id: '7d3a916a20187d5cc890cbaf1493ceb6') in 0.057841 seconds 
========================================================================
Received Import Request.
  Time since last request: 0.000024 seconds.
  path: Assets/Models/lowqgraphgame.fbx_Painting01.fbx
  artifactKey: Guid(79c7dd60866297d4cbe4f08a078cebc6) Importer(815301076,1909f56bfc062723c751e8b465ee728b)
Start importing Assets/Models/lowqgraphgame.fbx_Painting01.fbx using Guid(79c7dd60866297d4cbe4f08a078cebc6) Importer(815301076,1909f56bfc062723c751e8b465ee728b)  -> (artifact id: '2b63123b32a134b636e35df543a841e9') in 0.014003 seconds 
========================================================================
Received Import Request.
  Time since last request: 0.000017 seconds.
  path: Assets/Models/lowqgraphgame.fbx_PipeWrench.fbx
  artifactKey: Guid(27f699b795bc79f43b0b8270b9e2eaf6) Importer(815301076,1909f56bfc062723c751e8b465ee728b)
Start importing Assets/Models/lowqgraphgame.fbx_PipeWrench.fbx using Guid(27f699b795bc79f43b0b8270b9e2eaf6) Importer(815301076,1909f56bfc062723c751e8b465ee728b)  -> (artifact id: 'd69055330b0231e00c00273241f0821c') in 0.013586 seconds 
Editor requested this worker to shutdown with reason: Scaling down because of idle timeout
AssetImportWorker is now disconnected from the server
Process exiting
Exiting without the bug reporter. Application will terminate with return code 0